5.226573	2272
6.383433	2271
6.748097	2270
7.416662	2269
7.678664	2268
7.919732	2267
8.152362	2266
8.397302	2265
8.836301	2264
9.267648	2263
9.909545	2262
10.561844	2261
10.777399	2260
11.220799	2259
11.471045	2258
12.116469	2257
12.362598	2256
13.015982	2255
13.472598	2254
13.683281	2253
16.079802	2252
20.52758	2251
20.744267	2250
32.208336	2249
34.307856	2248
44.473618	2247
50.561526	2246
51.717854	2245
53.134149	2244
54.965406	2243
56.61823	2242
57.546793	2241
58.951017	2240
59.83986	2239
66.159221	2238
70.889056	2237
72.283581	2236
79.698479	2235
87.137718	2234
