5.825844	2272
6.551705	2271
6.794469	2270
7.002377	2269
7.238199	2268
7.445782	2267
8.525613	2266
8.733165	2265
9.184356	2264
9.637612	2263
9.853401	2262
10.716775	2261
11.20011	2260
11.637221	2259
12.133718	2258
12.38055	2257
12.805439	2256
13.054152	2255
13.273373	2254
15.929499	2253
19.084315	2252
20.459431	2251
21.818936	2250
31.765064	2249
32.000685	2248
43.587581	2247
46.892596	2246
50.029283	2245
51.206069	2244
52.630321	2243
57.922755	2242
58.758528	2241
60.400268	2240
61.171638	2239
73.095835	2238
75.310212	2237
79.874137	2236
85.069534	2235
93.605875	2234
