5.780611	2272
6.420485	2271
6.891426	2270
7.332202	2269
7.562514	2268
7.772738	2267
8.239042	2266
8.466115	2265
8.954581	2264
9.447122	2263
9.933134	2262
10.150278	2261
10.398484	2260
10.87828	2259
11.326611	2258
11.77747	2257
11.995732	2256
12.460453	2255
12.926254	2254
13.626636	2253
13.844107	2252
18.603975	2251
20.011063	2250
20.2507	2249
22.474322	2248
24.040085	2247
32.717349	2246
43.787046	2245
47.249098	2244
48.382651	2243
52.112566	2242
52.342196	2241
54.32691	2240
55.969851	2239
58.835861	2238
59.059442	2237
71.429009	2236
73.068666	2235
87.500536	2234
