5.67561	2272
5.921759	2271
6.162816	2270
6.638418	2269
7.095082	2268
7.302666	2267
8.015816	2266
8.644189	2265
8.876619	2264
9.111697	2263
9.775797	2262
10.227631	2261
10.444012	2260
10.66297	2259
11.353108	2258
11.586518	2257
11.806165	2256
12.050821	2255
12.276034	2254
12.69812	2253
13.551167	2252
15.794186	2251
18.902241	2250
20.093125	2249
20.757335	2248
23.170184	2247
23.442676	2246
32.399997	2245
43.768561	2244
43.985374	2243
46.679868	2242
48.382432	2241
52.710436	2240
54.631162	2239
56.258713	2238
57.540944	2237
59.505405	2236
71.572195	2235
79.096347	2234
86.445964	2233
99.285371	2232
