5.207169	2272
5.649895	2271
6.101899	2270
6.380677	2269
6.831056	2268
7.045675	2267
7.534143	2266
7.780898	2265
8.285658	2264
8.923954	2263
9.193071	2262
9.850904	2261
10.579478	2260
10.797049	2259
11.497641	2258
11.970473	2257
12.181334	2256
12.391598	2255
12.833046	2254
13.293862	2253
13.518067	2252
13.738857	2251
17.745963	2250
22.179088	2249
29.136415	2248
31.492897	2247
31.93363	2246
45.288899	2245
50.071744	2244
52.142876	2243
55.85479	2242
57.905479	2241
61.069557	2240
61.333165	2239
62.019303	2238
75.54987	2237
79.841312	2236
83.329924	2235
91.39546	2234
