5.038888	2272
5.494392	2271
5.9711	2270
6.181385	2269
6.385655	2268
6.852368	2267
7.073506	2266
7.506322	2265
8.153079	2264
8.383163	2263
8.618854	2262
9.29375	2261
9.50085	2260
9.919488	2259
10.353694	2258
10.559138	2257
10.987776	2256
11.217634	2255
11.432975	2254
11.870233	2253
12.361501	2252
12.576774	2251
15.087142	2250
19.519017	2249
22.19908	2248
29.676049	2247
31.189698	2246
31.660489	2245
43.818205	2244
50.312269	2243
50.53076	2242
52.784527	2241
54.215972	2240
57.501903	2239
58.506846	2238
70.585403	2237
72.724682	2236
76.810436	2235
82.542918	2234
88.808942	2233
99.814279	2232
