5.082349	2272
5.288381	2271
5.501553	2270
5.707031	2269
6.148057	2268
6.386308	2267
6.82122	2266
7.270709	2265
7.519354	2264
7.733272	2263
8.191447	2262
8.406621	2261
8.880593	2260
9.120086	2259
9.359896	2258
9.591404	2257
9.79957	2256
10.025896	2255
10.449375	2254
10.873134	2253
11.318658	2252
11.531837	2251
11.754389	2250
11.977804	2249
12.211657	2248
14.905141	2247
15.32289	2246
18.597535	2245
19.058433	2244
19.292028	2243
20.424792	2242
22.858184	2241
31.702534	2240
32.185487	2239
43.006315	2238
46.886637	2237
49.392955	2236
50.799515	2235
52.248462	2234
54.741559	2233
68.811492	2232
73.342451	2231
77.25175	2230
85.50466	2229
97.202218	2228
