5.074621	2272
5.519812	2271
5.854144	2270
6.247223	2269
7.256928	2268
7.54504	2267
8.233697	2266
8.872562	2265
9.191453	2264
9.531566	2263
10.172416	2262
10.8755	2261
12.407006	2260
12.630404	2259
13.113916	2258
13.334012	2257
13.588176	2256
14.07091	2255
14.295252	2254
14.521311	2253
15.891185	2252
16.389014	2251
18.331995	2250
25.358923	2249
32.238424	2248
34.302265	2247
35.097865	2246
46.344372	2245
54.378123	2244
56.495301	2243
58.425431	2242
58.643238	2241
60.37742	2240
61.380046	2239
72.441193	2238
74.471756	2237
77.631485	2236
81.156396	2235
90.250562	2234
